生成启动时间为 2019/10/24 0:41:51。
     1>项目“D:\C语言源代码\实验1.c\实验1.c\实验1.c.vcxproj”在节点 2 上(build 个目标)。
     1>PrepareForBuild:
         正在创建目录“D:\C语言源代码\实验1.c\Debug\”。
       InitializeBuildStatus:
         正在创建“Debug\实验1.c.unsuccessfulbuild”，因为已指定“AlwaysCreate”。
       ClCompile:
         C:\Program Files (x86)\Microsoft Visual Studio 10.0\VC\bin\CL.exe /c /ZI /nologo /W3 /WX- /Od /Oy- /D WIN32 /D _DEBUG /D _CONSOLE /D _UNICODE /D UNICODE /Gm /EHsc /RTC1 /MDd /GS /fp:precise /Zc:wchar_t /Zc:forScope /Fo"Debug\\" /Fd"Debug\vc100.pdb" /Gd /TC /analyze- /errorReport:prompt "实验1.c"
         实验1.c
     1>d:\c语言源代码\实验1.c\实验1.c\实验1.c(9): warning C4996: 'scanf': This function or variable may be unsafe. Consider using scanf_s instead. To disable deprecation, use _CRT_SECURE_NO_WARNINGS. See online help for details.
                 c:\program files (x86)\microsoft visual studio 10.0\vc\include\stdio.h(304) : 参见“scanf”的声明
     1>d:\c语言源代码\实验1.c\实验1.c\实验1.c(17): error C2143: 语法错误 : 缺少“)”(在“类型”的前面)
     1>d:\c语言源代码\实验1.c\实验1.c\实验1.c(17): error C2198: “sqrt”: 用于调用的参数太少
     1>已完成生成项目“D:\C语言源代码\实验1.c\实验1.c\实验1.c.vcxproj”(build 个目标)的操作 - 失败。

生成失败。

已用时间 00:00:00.41
